<?xml version="1.0" encoding="UTF-8"?>
<!-- Generated by org.testng.reporters.JUnitReportReporter -->
<testsuite hostname="DESKTOP-INEHPFN" failures="0" tests="3" name="com.TestScriptTAP.TestAutomationPositive" time="70.818" errors="0" timestamp="22 Apr 2022 05:47:06 GMT">
  <testcase classname="com.TestScriptTAP.TestAutomationPositive" name="MD_Indexing_TC02" time="17.000"/>
  <testcase classname="com.TestScriptTAP.TestAutomationPositive" name="MD_Indexing_TC03" time="16.238"/>
  <testcase classname="com.TestScriptTAP.TestAutomationPositive" name="MD_Indexing_TC04" time="37.580"/>
</testsuite> <!-- com.TestScriptTAP.TestAutomationPositive -->
