<?xml version="1.0" encoding="UTF-8"?>
<!-- Generated by org.testng.reporters.JUnitReportReporter -->
<testsuite skipped="2" hostname="pratik-PC" name="com.TesrScript.ActitimeTest" tests="3" failures="0" timestamp="8 Apr 2017 16:23:56 GMT" time="0.009" errors="1">
  <testcase name="bfrcls" time="0.000" classname="com.TesrScript.ActitimeTest">
    <error type="org.openqa.selenium.WebDriverException" message="Failed to connect to binary FirefoxBinary(C:\Program Files\Mozilla Firefox\firefox.exe) on port 7055; process output follows: 
&quot;:null,&quot;contributors&quot;:null,&quot;locales&quot;:[&quot;sr&quot;]},{&quot;name&quot;:&quot;Avast SafePrice&quot;,&quot;description&quot;:&quot;Avast SafePrice - safe shopping extension.&quot;,&quot;creator&quot;:&quot;Avast&quot;,&quot;developers&quot;:null,&quot;translators&quot;:null,&quot;contributors&quot;:null,&quot;locales&quot;:[&quot;sv&quot;]},{&quot;name&quot;:&quot;Avast SafePrice&quot;,&quot;description&quot;:&quot;Avast SafePrice - safe shopping extension.&quot;,&quot;creator&quot;:&quot;Avast&quot;,&quot;developers&quot;:null,&quot;translators&quot;:null,&quot;contributors&quot;:null,&quot;locales&quot;:[&quot;th&quot;]},{&quot;name&quot;:&quot;Avast SafePrice&quot;,&quot;description&quot;:&quot;Avast SafePrice - safe shopping extension.&quot;,&quot;creator&quot;:&quot;Avast&quot;,&quot;developers&quot;:null,&quot;translators&quot;:null,&quot;contributors&quot;:null,&quot;locales&quot;:[&quot;tr&quot;]},{&quot;name&quot;:&quot;Avast SafePrice&quot;,&quot;description&quot;:&quot;Avast SafePrice - safe shopping extension.&quot;,&quot;creator&quot;:&quot;Avast&quot;,&quot;developers&quot;:null,&quot;translators&quot;:null,&quot;contributors&quot;:null,&quot;locales&quot;:[&quot;uk&quot;]},{&quot;name&quot;:&quot;Avast SafePrice&quot;,&quot;description&quot;:&quot;Avast SafePrice - safe shopping extension.&quot;,&quot;creator&quot;:&quot;Avast&quot;,&quot;developers&quot;:null,&quot;translators&quot;:null,&quot;contributors&quot;:null,&quot;locales&quot;:[&quot;ur&quot;]},{&quot;name&quot;:&quot;Avast SafePrice&quot;,&quot;description&quot;:&quot;Avast SafePrice - safe shopping extension.&quot;,&quot;creator&quot;:&quot;Avast&quot;,&quot;developers&quot;:null,&quot;translators&quot;:null,&quot;contributors&quot;:null,&quot;locales&quot;:[&quot;vi&quot;]},{&quot;name&quot;:&quot;Avast SafePrice&quot;,&quot;description&quot;:&quot;Avast SafePrice - safe shopping extension.&quot;,&quot;creator&quot;:&quot;Avast&quot;,&quot;developers&quot;:null,&quot;translators&quot;:null,&quot;contributors&quot;:null,&quot;locales&quot;:[&quot;zh-CN&quot;]},{&quot;name&quot;:&quot;Avast SafePrice&quot;,&quot;description&quot;:&quot;Avast SafePrice - safe shopping extension.&quot;,&quot;creator&quot;:&quot;Avast&quot;,&quot;developers&quot;:null,&quot;translators&quot;:null,&quot;contributors&quot;:null,&quot;locales&quot;:[&quot;zh-TW&quot;]}],&quot;targetApplications&quot;:[{&quot;id&quot;:&quot;toolkit@mozilla.org&quot;,&quot;minVersion&quot;:&quot;45.0&quot;,&quot;maxVersion&quot;:null}],&quot;targetPlatforms&quot;:[],&quot;multiprocessCompatible&quot;:true,&quot;signedState&quot;:2,&quot;seen&quot;:true,&quot;dependencies&quot;:[],&quot;hasEmbeddedWebExtension&quot;:false}
1491668598685	DeferredSave.extensions.json	DEBUG	Save changes
1491668598685	addons.xpi	DEBUG	Updating database with changes to installed add-ons
1491668598685	addons.xpi-utils	DEBUG	Updating add-on states
1491668598689	addons.xpi-utils	DEBUG	Writing add-ons list
1491668598701	addons.xpi	DEBUG	Registering manifest for C:\Program Files\Mozilla Firefox\browser\features\aushelper@mozilla.org.xpi
1491668598703	addons.xpi	DEBUG	Calling bootstrap method startup on aushelper@mozilla.org version 2.0
1491668598707	addons.xpi	DEBUG	Registering manifest for C:\Program Files\Mozilla Firefox\browser\features\deployment-checker@mozilla.org.xpi
1491668598709	addons.xpi	DEBUG	Calling bootstrap method startup on deployment-checker@mozilla.org version 1.0
1491668598710	addons.xpi	DEBUG	Registering manifest for C:\Program Files\Mozilla Firefox\browser\features\e10srollout@mozilla.org.xpi
1491668598712	addons.xpi	DEBUG	Calling bootstrap method startup on e10srollout@mozilla.org version 1.9
1491668598715	addons.xpi	DEBUG	Registering manifest for C:\Program Files\Mozilla Firefox\browser\features\firefox@getpocket.com.xpi
1491668598718	addons.xpi	DEBUG	Calling bootstrap method startup on firefox@getpocket.com version 1.0.5
1491668598721	addons.xpi	DEBUG	Registering manifest for C:\Program Files\Mozilla Firefox\browser\features\webcompat@mozilla.org.xpi
1491668598722	addons.xpi	DEBUG	Calling bootstrap method startup on webcompat@mozilla.org version 1.0
1491668598727	addons.manager	DEBUG	Registering shutdown blocker for XPIProvider
1491668598727	addons.manager	DEBUG	Provider finished startup: XPIProvider
1491668598727	addons.manager	DEBUG	Starting provider: LightweightThemeManager
1491668598728	addons.manager	DEBUG	Registering shutdown blocker for LightweightThemeManager
1491668598728	addons.manager	DEBUG	Provider finished startup: LightweightThemeManager
1491668598729	addons.manager	DEBUG	Starting provider: GMPProvider
1491668598769	addons.manager	DEBUG	Registering shutdown blocker for GMPProvider
1491668598769	addons.manager	DEBUG	Provider finished startup: GMPProvider
1491668598770	addons.manager	DEBUG	Starting provider: PluginProvider
1491668598770	addons.manager	DEBUG	Registering shutdown blocker for PluginProvider
1491668598770	addons.manager	DEBUG	Provider finished startup: PluginProvider
1491668598772	addons.manager	DEBUG	Completed startup sequence

Build info: version: &#039;2.46.0&#039;, revision: &#039;87c69e2&#039;, time: &#039;2015-06-04 16:17:10&#039;
System info: host: &#039;pratik-PC&#039;, ip: &#039;192.168.56.1&#039;, os.name: &#039;Windows 7&#039;, os.arch: &#039;x86&#039;, os.version: &#039;6.1&#039;, java.version: &#039;1.7.0_06&#039;
Driver info: driver.version: FirefoxDriver">
      <![CDATA[org.openqa.selenium.WebDriverException: Failed to connect to binary FirefoxBinary(C:\Program Files\Mozilla Firefox\firefox.exe) on port 7055; process output follows: 
":null,"contributors":null,"locales":["sr"]},{"name":"Avast SafePrice","description":"Avast SafePrice - safe shopping extension.","creator":"Avast","developers":null,"translators":null,"contributors":null,"locales":["sv"]},{"name":"Avast SafePrice","description":"Avast SafePrice - safe shopping extension.","creator":"Avast","developers":null,"translators":null,"contributors":null,"locales":["th"]},{"name":"Avast SafePrice","description":"Avast SafePrice - safe shopping extension.","creator":"Avast","developers":null,"translators":null,"contributors":null,"locales":["tr"]},{"name":"Avast SafePrice","description":"Avast SafePrice - safe shopping extension.","creator":"Avast","developers":null,"translators":null,"contributors":null,"locales":["uk"]},{"name":"Avast SafePrice","description":"Avast SafePrice - safe shopping extension.","creator":"Avast","developers":null,"translators":null,"contributors":null,"locales":["ur"]},{"name":"Avast SafePrice","description":"Avast SafePrice - safe shopping extension.","creator":"Avast","developers":null,"translators":null,"contributors":null,"locales":["vi"]},{"name":"Avast SafePrice","description":"Avast SafePrice - safe shopping extension.","creator":"Avast","developers":null,"translators":null,"contributors":null,"locales":["zh-CN"]},{"name":"Avast SafePrice","description":"Avast SafePrice - safe shopping extension.","creator":"Avast","developers":null,"translators":null,"contributors":null,"locales":["zh-TW"]}],"targetApplications":[{"id":"toolkit@mozilla.org","minVersion":"45.0","maxVersion":null}],"targetPlatforms":[],"multiprocessCompatible":true,"signedState":2,"seen":true,"dependencies":[],"hasEmbeddedWebExtension":false}
1491668598685	DeferredSave.extensions.json	DEBUG	Save changes
1491668598685	addons.xpi	DEBUG	Updating database with changes to installed add-ons
1491668598685	addons.xpi-utils	DEBUG	Updating add-on states
1491668598689	addons.xpi-utils	DEBUG	Writing add-ons list
1491668598701	addons.xpi	DEBUG	Registering manifest for C:\Program Files\Mozilla Firefox\browser\features\aushelper@mozilla.org.xpi
1491668598703	addons.xpi	DEBUG	Calling bootstrap method startup on aushelper@mozilla.org version 2.0
1491668598707	addons.xpi	DEBUG	Registering manifest for C:\Program Files\Mozilla Firefox\browser\features\deployment-checker@mozilla.org.xpi
1491668598709	addons.xpi	DEBUG	Calling bootstrap method startup on deployment-checker@mozilla.org version 1.0
1491668598710	addons.xpi	DEBUG	Registering manifest for C:\Program Files\Mozilla Firefox\browser\features\e10srollout@mozilla.org.xpi
1491668598712	addons.xpi	DEBUG	Calling bootstrap method startup on e10srollout@mozilla.org version 1.9
1491668598715	addons.xpi	DEBUG	Registering manifest for C:\Program Files\Mozilla Firefox\browser\features\firefox@getpocket.com.xpi
1491668598718	addons.xpi	DEBUG	Calling bootstrap method startup on firefox@getpocket.com version 1.0.5
1491668598721	addons.xpi	DEBUG	Registering manifest for C:\Program Files\Mozilla Firefox\browser\features\webcompat@mozilla.org.xpi
1491668598722	addons.xpi	DEBUG	Calling bootstrap method startup on webcompat@mozilla.org version 1.0
1491668598727	addons.manager	DEBUG	Registering shutdown blocker for XPIProvider
1491668598727	addons.manager	DEBUG	Provider finished startup: XPIProvider
1491668598727	addons.manager	DEBUG	Starting provider: LightweightThemeManager
1491668598728	addons.manager	DEBUG	Registering shutdown blocker for LightweightThemeManager
1491668598728	addons.manager	DEBUG	Provider finished startup: LightweightThemeManager
1491668598729	addons.manager	DEBUG	Starting provider: GMPProvider
1491668598769	addons.manager	DEBUG	Registering shutdown blocker for GMPProvider
1491668598769	addons.manager	DEBUG	Provider finished startup: GMPProvider
1491668598770	addons.manager	DEBUG	Starting provider: PluginProvider
1491668598770	addons.manager	DEBUG	Registering shutdown blocker for PluginProvider
1491668598770	addons.manager	DEBUG	Provider finished startup: PluginProvider
1491668598772	addons.manager	DEBUG	Completed startup sequence

Build info: version: '2.46.0', revision: '87c69e2', time: '2015-06-04 16:17:10'
System info: host: 'pratik-PC', ip: '192.168.56.1', os.name: 'Windows 7', os.arch: 'x86', os.version: '6.1', java.version: '1.7.0_06'
Driver info: driver.version: FirefoxDriver
	at org.openqa.selenium.firefox.internal.NewProfileExtensionConnection.start(NewProfileExtensionConnection.java:132)
	at org.openqa.selenium.firefox.FirefoxDriver.startClient(FirefoxDriver.java:275)
	at org.openqa.selenium.remote.RemoteWebDriver.<init>(RemoteWebDriver.java:116)
	at org.openqa.selenium.firefox.FirefoxDriver.<init>(FirefoxDriver.java:222)
	at org.openqa.selenium.firefox.FirefoxDriver.<init>(FirefoxDriver.java:215)
	at org.openqa.selenium.firefox.FirefoxDriver.<init>(FirefoxDriver.java:211)
	at org.openqa.selenium.firefox.FirefoxDriver.<init>(FirefoxDriver.java:124)
	at com.genericLib.Browser.getbrowser(Browser.java:18)
	at com.TesrScript.ActitimeTest.bfrcls(ActitimeTest.java:39)
	at sun.reflect.NativeMethodAccessorImpl.invoke0(Native Method)
	at sun.reflect.NativeMethodAccessorImpl.invoke(Unknown Source)
	at sun.reflect.DelegatingMethodAccessorImpl.invoke(Unknown Source)
	at java.lang.reflect.Method.invoke(Unknown Source)
	at org.testng.internal.MethodInvocationHelper.invokeMethod(MethodInvocationHelper.java:100)
	at org.testng.internal.Invoker.invokeConfigurationMethod(Invoker.java:515)
	at org.testng.internal.Invoker.invokeConfigurations(Invoker.java:216)
	at org.testng.internal.Invoker.invokeConfigurations(Invoker.java:143)
	at org.testng.internal.TestMethodWorker.invokeBeforeClassMethods(TestMethodWorker.java:169)
	at org.testng.internal.TestMethodWorker.run(TestMethodWorker.java:108)
	at org.testng.TestRunner.privateRun(TestRunner.java:753)
	at org.testng.TestRunner.run(TestRunner.java:607)
	at org.testng.SuiteRunner.runTest(SuiteRunner.java:368)
	at org.testng.SuiteRunner.runSequentially(SuiteRunner.java:363)
	at org.testng.SuiteRunner.privateRun(SuiteRunner.java:321)
	at org.testng.SuiteRunner.run(SuiteRunner.java:270)
	at org.testng.SuiteRunnerWorker.runSuite(SuiteRunnerWorker.java:52)
	at org.testng.SuiteRunnerWorker.run(SuiteRunnerWorker.java:86)
	at org.testng.TestNG.runSuitesSequentially(TestNG.java:1284)
	at org.testng.TestNG.runSuitesLocally(TestNG.java:1209)
	at org.testng.TestNG.runSuites(TestNG.java:1124)
	at org.testng.TestNG.run(TestNG.java:1096)
	at org.testng.remote.AbstractRemoteTestNG.run(AbstractRemoteTestNG.java:132)
	at org.testng.remote.RemoteTestNG.initAndRun(RemoteTestNG.java:236)
	at org.testng.remote.RemoteTestNG.main(RemoteTestNG.java:81)
Caused by: org.openqa.selenium.firefox.NotConnectedException: Unable to connect to host 127.0.0.1 on port 7055 after 45000 ms. Firefox console output:
":null,"contributors":null,"locales":["sr"]},{"name":"Avast SafePrice","description":"Avast SafePrice - safe shopping extension.","creator":"Avast","developers":null,"translators":null,"contributors":null,"locales":["sv"]},{"name":"Avast SafePrice","description":"Avast SafePrice - safe shopping extension.","creator":"Avast","developers":null,"translators":null,"contributors":null,"locales":["th"]},{"name":"Avast SafePrice","description":"Avast SafePrice - safe shopping extension.","creator":"Avast","developers":null,"translators":null,"contributors":null,"locales":["tr"]},{"name":"Avast SafePrice","description":"Avast SafePrice - safe shopping extension.","creator":"Avast","developers":null,"translators":null,"contributors":null,"locales":["uk"]},{"name":"Avast SafePrice","description":"Avast SafePrice - safe shopping extension.","creator":"Avast","developers":null,"translators":null,"contributors":null,"locales":["ur"]},{"name":"Avast SafePrice","description":"Avast SafePrice - safe shopping extension.","creator":"Avast","developers":null,"translators":null,"contributors":null,"locales":["vi"]},{"name":"Avast SafePrice","description":"Avast SafePrice - safe shopping extension.","creator":"Avast","developers":null,"translators":null,"contributors":null,"locales":["zh-CN"]},{"name":"Avast SafePrice","description":"Avast SafePrice - safe shopping extension.","creator":"Avast","developers":null,"translators":null,"contributors":null,"locales":["zh-TW"]}],"targetApplications":[{"id":"toolkit@mozilla.org","minVersion":"45.0","maxVersion":null}],"targetPlatforms":[],"multiprocessCompatible":true,"signedState":2,"seen":true,"dependencies":[],"hasEmbeddedWebExtension":false}
1491668598685	DeferredSave.extensions.json	DEBUG	Save changes
1491668598685	addons.xpi	DEBUG	Updating database with changes to installed add-ons
1491668598685	addons.xpi-utils	DEBUG	Updating add-on states
1491668598689	addons.xpi-utils	DEBUG	Writing add-ons list
1491668598701	addons.xpi	DEBUG	Registering manifest for C:\Program Files\Mozilla Firefox\browser\features\aushelper@mozilla.org.xpi
1491668598703	addons.xpi	DEBUG	Calling bootstrap method startup on aushelper@mozilla.org version 2.0
1491668598707	addons.xpi	DEBUG	Registering manifest for C:\Program Files\Mozilla Firefox\browser\features\deployment-checker@mozilla.org.xpi
1491668598709	addons.xpi	DEBUG	Calling bootstrap method startup on deployment-checker@mozilla.org version 1.0
1491668598710	addons.xpi	DEBUG	Registering manifest for C:\Program Files\Mozilla Firefox\browser\features\e10srollout@mozilla.org.xpi
1491668598712	addons.xpi	DEBUG	Calling bootstrap method startup on e10srollout@mozilla.org version 1.9
1491668598715	addons.xpi	DEBUG	Registering manifest for C:\Program Files\Mozilla Firefox\browser\features\firefox@getpocket.com.xpi
1491668598718	addons.xpi	DEBUG	Calling bootstrap method startup on firefox@getpocket.com version 1.0.5
1491668598721	addons.xpi	DEBUG	Registering manifest for C:\Program Files\Mozilla Firefox\browser\features\webcompat@mozilla.org.xpi
1491668598722	addons.xpi	DEBUG	Calling bootstrap method startup on webcompat@mozilla.org version 1.0
1491668598727	addons.manager	DEBUG	Registering shutdown blocker for XPIProvider
1491668598727	addons.manager	DEBUG	Provider finished startup: XPIProvider
1491668598727	addons.manager	DEBUG	Starting provider: LightweightThemeManager
1491668598728	addons.manager	DEBUG	Registering shutdown blocker for LightweightThemeManager
1491668598728	addons.manager	DEBUG	Provider finished startup: LightweightThemeManager
1491668598729	addons.manager	DEBUG	Starting provider: GMPProvider
1491668598769	addons.manager	DEBUG	Registering shutdown blocker for GMPProvider
1491668598769	addons.manager	DEBUG	Provider finished startup: GMPProvider
1491668598770	addons.manager	DEBUG	Starting provider: PluginProvider
1491668598770	addons.manager	DEBUG	Registering shutdown blocker for PluginProvider
1491668598770	addons.manager	DEBUG	Provider finished startup: PluginProvider
1491668598772	addons.manager	DEBUG	Completed startup sequence

	at org.openqa.selenium.firefox.internal.NewProfileExtensionConnection.start(NewProfileExtensionConnection.java:120)
	... 33 more
]]>
    </error>
  </testcase> <!-- bfrcls -->
  <testcase name="createnewcustomerTest" time="0.004" classname="com.TesrScript.ActitimeTest">
    <skipped/>
  </testcase> <!-- createnewcustomerTest -->
  <testcase name="createnewcustomerTest1" time="0.005" classname="com.TesrScript.ActitimeTest">
    <skipped/>
  </testcase> <!-- createnewcustomerTest1 -->
</testsuite> <!-- com.TesrScript.ActitimeTest -->
