<?xml version="1.0" encoding="UTF-8"?>
<!-- Generated by org.testng.reporters.JUnitReportReporter -->
<testsuite hostname="DESKTOP-INEHPFN" failures="0" tests="4" name="com.TestScriptTAP.TestAutomation" time="73.599" errors="0" timestamp="22 Apr 2022 07:31:45 GMT">
  <testcase classname="com.TestScriptTAP.TestAutomation" name="MD_Indexing_TC01" time="39.290"/>
  <testcase classname="com.TestScriptTAP.TestAutomation" name="MD_Indexing_TC04" time="9.790"/>
  <testcase classname="com.TestScriptTAP.TestAutomation" name="MD_Indexing_TC03" time="16.661"/>
  <testcase classname="com.TestScriptTAP.TestAutomation" name="MD_Indexing_TC02" time="7.858"/>
</testsuite> <!-- com.TestScriptTAP.TestAutomation -->
