<?xml version="1.0" encoding="UTF-8"?>
<!-- Generated by org.testng.reporters.JUnitReportReporter -->
<testsuite skipped="0" hostname="01HW825338" name="com.TestTAPSupplier.TestScriptUploadinvoice" tests="4" failures="0" timestamp="30 Aug 2017 06:30:00 GMT" time="244.398" errors="0">
  <testcase name="TAP_Supplier_TC01" time="109.595" classname="com.TestTAPSupplier.TestScriptUploadinvoice"/>
  <testcase name="TAP_Supplier_TC03" time="31.191" classname="com.TestTAPSupplier.TestScriptUploadinvoice"/>
  <testcase name="TAP_Supplier_TC02" time="78.649" classname="com.TestTAPSupplier.TestScriptUploadinvoice"/>
  <testcase name="TAP_Supplier_TC04" time="24.963" classname="com.TestTAPSupplier.TestScriptUploadinvoice"/>
</testsuite> <!-- com.TestTAPSupplier.TestScriptUploadinvoice -->
