<?xml version="1.0" encoding="UTF-8"?>
<!-- Generated by org.testng.reporters.JUnitReportReporter -->
<testsuite skipped="0" hostname="01HW825338" name="com.TestScriptTAP.TAPtest" tests="5" failures="0" timestamp="01 Jun 2017 09:07:38 GMT" time="173.916" errors="0">
  <testcase name="MD_Indexing_TC01" time="8.353" classname="com.TestScriptTAP.TAPtest"/>
  <testcase name="MD_Indexing_TC02" time="40.664" classname="com.TestScriptTAP.TAPtest"/>
  <testcase name="MD_Indexing_TC03_4_5" time="26.773" classname="com.TestScriptTAP.TAPtest"/>
  <testcase name="MD_Indexing_TC06" time="48.741" classname="com.TestScriptTAP.TAPtest"/>
  <testcase name="MD_Indexing_TC07" time="49.385" classname="com.TestScriptTAP.TAPtest"/>
</testsuite> <!-- com.TestScriptTAP.TAPtest -->
