<?xml version="1.0" encoding="UTF-8"?>
<!-- Generated by org.testng.reporters.JUnitReportReporter -->
<testsuite hostname="DESKTOP-INEHPFN" failures="0" tests="1" name="com.TestScriptTAP.TestScript2" time="35.722" errors="0" timestamp="19 Apr 2022 15:15:46 GMT">
  <testcase classname="com.TestScriptTAP.TestScript2" name="MD_Indexing_TC02" time="35.722"/>
</testsuite> <!-- com.TestScriptTAP.TestScript2 -->
