<?xml version="1.0" encoding="UTF-8"?>
<!-- Generated by org.testng.reporters.JUnitReportReporter -->
<testsuite hostname="DESKTOP-INEHPFN" failures="0" tests="1" name="com.TestScriptTAP.TestAutomationPage" time="35.561" errors="0" timestamp="20 Apr 2022 08:30:39 GMT">
  <testcase classname="com.TestScriptTAP.TestAutomationPage" name="MD_Indexing_TC01" time="35.561"/>
</testsuite> <!-- com.TestScriptTAP.TestAutomationPage -->
