<?xml version="1.0" encoding="UTF-8"?>
<!-- Generated by org.testng.reporters.JUnitReportReporter -->
<testsuite hostname="DESKTOP-INEHPFN" failures="0" tests="1" name="com.TestScriptTAP.TestScript" time="0.031" errors="0" timestamp="18 Apr 2022 17:02:31 GMT">
  <testcase classname="com.TestScriptTAP.TestScript" name="TC01" time="0.031"/>
</testsuite> <!-- com.TestScriptTAP.TestScript -->
