<?xml version="1.0" encoding="UTF-8"?>
<!-- Generated by org.testng.reporters.JUnitReportReporter -->
<testsuite skipped="0" hostname="pratik-PC" name="test" tests="1" failures="0" timestamp="19 Apr 2017 03:06:59 GMT" time="0.020" errors="0">
  <testcase name="rock" time="0.020" classname="test"/>
</testsuite> <!-- test -->
